<?xml version="1.0" encoding="UTF-8"?>
<testsuite xmlns:xsi="http://www.w3.org/2001/XMLSchema-instance" xsi:noNamespaceSchemaLocation="https://maven.apache.org/surefire/maven-surefire-plugin/xsd/surefire-test-report.xsd" version="3.0.2" name="org.springframework.samples.petclinic.customers.web.PetResourceTest" time="4.593" tests="1" errors="0" skipped="0" failures="0">
  <properties>
[...]
</properties>
  <testcase name="shouldGetAPetInJSonFormat" classname="org.springframework.samples.petclinic.customers.web.PetResourceTest" time="0.148">
    <system-out><![CDATA[07:59:12.697 [main] INFO org.springframework.test.context.support.AnnotationConfigContextLoaderUtils -- Could not detect default configuration classes for test class [org.springframework.samples.petclinic.customers.web.PetResourceTest]: PetResourceTest does not declare any static, non-private, non-final, nested classes annotated with @Configuration.
07:59:12.837 [main] INFO org.springframework.boot.test.context.SpringBootTestContextBootstrapper -- Found @SpringBootConfiguration org.springframework.samples.petclinic.customers.CustomersServiceApplication for test class org.springframework.samples.petclinic.customers.web.PetResourceTest
07:59:13,633 |-INFO in ch.qos.logback.core.joran.util.ConfigurationWatchListUtil@ba354ca - Adding [jar:file:/home/runner/.m2/repository/org/springframework/boot/spring-boot/3.4.1/spring-boot-3.4.1.jar!/org/springframework/boot/logging/logback/base.xml] to configuration watch list.
07:59:13,633 |-INFO in ConfigurationWatchList(mainURL=file:/home/runner/work/spring-petclinic-microservices-custom-service/spring-petclinic-microservices-custom-service/target/classes/logback-spring.xml, fileWatchList={/home/runner/work/spring-petclinic-microservices-custom-service/spring-petclinic-microservices-custom-service/target/classes/logback-spring.xml}, urlWatchList=[}) - Cannot watch [jar:file:/home/runner/.m2/repository/org/springframework/boot/spring-boot/3.4.1/spring-boot-3.4.1.jar!/org/springframework/boot/logging/logback/base.xml] as its protocol is not one of file, http or https.
07:59:13,636 |-INFO in ch.qos.logback.core.joran.util.ConfigurationWatchListUtil@ba354ca - Adding [jar:file:/home/runner/.m2/repository/org/springframework/boot/spring-boot/3.4.1/spring-boot-3.4.1.jar!/org/springframework/boot/logging/logback/defaults.xml] to configuration watch list.
07:59:13,636 |-INFO in ConfigurationWatchList(mainURL=file:/home/runner/work/spring-petclinic-microservices-custom-service/spring-petclinic-microservices-custom-service/target/classes/logback-spring.xml, fileWatchList={/home/runner/work/spring-petclinic-microservices-custom-service/spring-petclinic-microservices-custom-service/target/classes/logback-spring.xml}, urlWatchList=[}) - Cannot watch [jar:file:/home/runner/.m2/repository/org/springframework/boot/spring-boot/3.4.1/spring-boot-3.4.1.jar!/org/springframework/boot/logging/logback/defaults.xml] as its protocol is not one of file, http or https.
07:59:13,641 |-INFO in ch.qos.logback.core.model.processor.ConversionRuleModelHandler - registering conversion word applicationName with class [org.springframework.boot.logging.logback.ApplicationNameConverter]
07:59:13,641 |-INFO in ch.qos.logback.core.model.processor.ConversionRuleModelHandler - registering conversion word clr with class [org.springframework.boot.logging.logback.ColorConverter]
07:59:13,641 |-INFO in ch.qos.logback.core.model.processor.ConversionRuleModelHandler - registering conversion word correlationId with class [org.springframework.boot.logging.logback.CorrelationIdConverter]
07:59:13,641 |-INFO in ch.qos.logback.core.model.processor.ConversionRuleModelHandler - registering conversion word esb with class [org.springframework.boot.logging.logback.EnclosedInSquareBracketsConverter]
07:59:13,641 |-INFO in ch.qos.logback.core.model.processor.ConversionRuleModelHandler - registering conversion word wex with class [org.springframework.boot.logging.logback.WhitespaceThrowableProxyConverter]
07:59:13,641 |-INFO in ch.qos.logback.core.model.processor.ConversionRuleModelHandler - registering conversion word wEx with class [org.springframework.boot.logging.logback.ExtendedWhitespaceThrowableProxyConverter]
07:59:13,642 |-INFO in ch.qos.logback.core.model.processor.ModelInterpretationContext@6df3e44c - value "%clr(%d{yyyy-MM-dd'T'HH:mm:ss.SSSXXX}){faint} %clr(%5p){} %clr(3769){magenta} %clr(--- %esb(){APPLICATION_NAME}%esb{APPLICATION_GROUP}[%15.15t] ){faint}%clr(%-40.40logger{39}){cyan} %clr(:){faint} %m%n%wEx" substituted for "${CONSOLE_LOG_PATTERN:-%clr(%d{${LOG_DATEFORMAT_PATTERN:-yyyy-MM-dd'T'HH:mm:ss.SSSXXX}}){faint} %clr(${LOG_LEVEL_PATTERN:-%5p}){} %clr(${PID:-}){magenta} %clr(--- %esb(){APPLICATION_NAME}%esb{APPLICATION_GROUP}[%15.15t] ${LOG_CORRELATION_PATTERN:-}){faint}%clr(%-40.40logger{39}){cyan} %clr(:){faint} %m%n${LOG_EXCEPTION_CONVERSION_WORD:-%wEx}}"
07:59:13,642 |-INFO in ch.qos.logback.core.model.processor.ModelInterpretationContext@6df3e44c - value "UTF-8" substituted for "${CONSOLE_LOG_CHARSET:-${file.encoding:-UTF-8}}"
07:59:13,642 |-INFO in ch.qos.logback.core.model.processor.ModelInterpretationContext@6df3e44c - value "TRACE" substituted for "${CONSOLE_LOG_THRESHOLD:-TRACE}"
07:59:13,642 |-INFO in ch.qos.logback.core.model.processor.ModelInterpretationContext@6df3e44c - value "" substituted for "${CONSOLE_LOG_STRUCTURED_FORMAT:-}"
07:59:13,642 |-INFO in ch.qos.logback.core.model.processor.ModelInterpretationContext@6df3e44c - value "%d{yyyy-MM-dd'T'HH:mm:ss.SSSXXX} %5p 3769 --- %esb(){APPLICATION_NAME}%esb{APPLICATION_GROUP}[%t] %-40.40logger{39} : %m%n%wEx" substituted for "${FILE_LOG_PATTERN:-%d{${LOG_DATEFORMAT_PATTERN:-yyyy-MM-dd'T'HH:mm:ss.SSSXXX}} ${LOG_LEVEL_PATTERN:-%5p} ${PID:-} --- %esb(){APPLICATION_NAME}%esb{APPLICATION_GROUP}[%t] ${LOG_CORRELATION_PATTERN:-}%-40.40logger{39} : %m%n${LOG_EXCEPTION_CONVERSION_WORD:-%wEx}}"
07:59:13,642 |-INFO in ch.qos.logback.core.model.processor.ModelInterpretationContext@6df3e44c - value "UTF-8" substituted for "${FILE_LOG_CHARSET:-${file.encoding:-UTF-8}}"
07:59:13,642 |-INFO in ch.qos.logback.core.model.processor.ModelInterpretationContext@6df3e44c - value "TRACE" substituted for "${FILE_LOG_THRESHOLD:-TRACE}"
07:59:13,642 |-INFO in ch.qos.logback.core.model.processor.ModelInterpretationContext@6df3e44c - value "" substituted for "${FILE_LOG_STRUCTURED_FORMAT:-}"
07:59:13,642 |-INFO in ch.qos.logback.core.model.processor.ModelInterpretationContext@6df3e44c - value "/tmp/spring.log" substituted for "${LOG_FILE:-${LOG_PATH:-${LOG_TEMP:-${java.io.tmpdir:-/tmp}}}/spring.log}"
07:59:13,643 |-INFO in ch.qos.logback.core.joran.util.ConfigurationWatchListUtil@ba354ca - Adding [jar:file:/home/runner/.m2/repository/org/springframework/boot/spring-boot/3.4.1/spring-boot-3.4.1.jar!/org/springframework/boot/logging/logback/console-appender.xml] to configuration watch list.
07:59:13,643 |-INFO in ConfigurationWatchList(mainURL=file:/home/runner/work/spring-petclinic-microservices-custom-service/spring-petclinic-microservices-custom-service/target/classes/logback-spring.xml, fileWatchList={/home/runner/work/spring-petclinic-microservices-custom-service/spring-petclinic-microservices-custom-service/target/classes/logback-spring.xml}, urlWatchList=[}) - Cannot watch [jar:file:/home/runner/.m2/repository/org/springframework/boot/spring-boot/3.4.1/spring-boot-3.4.1.jar!/org/springframework/boot/logging/logback/console-appender.xml] as its protocol is not one of file, http or https.
07:59:13,645 |-INFO in ch.qos.logback.core.joran.util.ConfigurationWatchListUtil@ba354ca - Adding [jar:file:/home/runner/.m2/repository/org/springframework/boot/spring-boot/3.4.1/spring-boot-3.4.1.jar!/org/springframework/boot/logging/logback/file-appender.xml] to configuration watch list.
07:59:13,645 |-INFO in ConfigurationWatchList(mainURL=file:/home/runner/work/spring-petclinic-microservices-custom-service/spring-petclinic-microservices-custom-service/target/classes/logback-spring.xml, fileWatchList={/home/runner/work/spring-petclinic-microservices-custom-service/spring-petclinic-microservices-custom-service/target/classes/logback-spring.xml}, urlWatchList=[}) - Cannot watch [jar:file:/home/runner/.m2/repository/org/springframework/boot/spring-boot/3.4.1/spring-boot-3.4.1.jar!/org/springframework/boot/logging/logback/file-appender.xml] as its protocol is not one of file, http or https.
07:59:13,650 |-WARN in ch.qos.logback.core.model.processor.ImplicitModelHandler - Ignoring unknown property [jmxConfigurator] in [ch.qos.logback.classic.LoggerContext]
07:59:13,651 |-INFO in ch.qos.logback.classic.model.processor.LoggerModelHandler - Setting level of logger [org.apache.catalina.startup.DigesterFactory] to ERROR
07:59:13,651 |-INFO in ch.qos.logback.classic.jul.LevelChangePropagator@7ce7e83c - Propagating ERROR level on Logger[org.apache.catalina.startup.DigesterFactory] onto the JUL framework
07:59:13,651 |-INFO in ch.qos.logback.classic.model.processor.LoggerModelHandler - Setting level of logger [org.apache.catalina.util.LifecycleBase] to ERROR
07:59:13,652 |-INFO in ch.qos.logback.classic.jul.LevelChangePropagator@7ce7e83c - Propagating ERROR level on Logger[org.apache.catalina.util.LifecycleBase] onto the JUL framework
07:59:13,652 |-INFO in ch.qos.logback.classic.model.processor.LoggerModelHandler - Setting level of logger [org.apache.coyote.http11.Http11NioProtocol] to WARN
07:59:13,652 |-INFO in ch.qos.logback.classic.jul.LevelChangePropagator@7ce7e83c - Propagating WARN level on Logger[org.apache.coyote.http11.Http11NioProtocol] onto the JUL framework
07:59:13,652 |-INFO in ch.qos.logback.classic.model.processor.LoggerModelHandler - Setting level of logger [org.apache.sshd.common.util.SecurityUtils] to WARN
07:59:13,652 |-INFO in ch.qos.logback.classic.jul.LevelChangePropagator@7ce7e83c - Propagating WARN level on Logger[org.apache.sshd.common.util.SecurityUtils] onto the JUL framework
07:59:13,652 |-INFO in ch.qos.logback.classic.model.processor.LoggerModelHandler - Setting level of logger [org.apache.tomcat.util.net.NioSelectorPool] to WARN
07:59:13,652 |-INFO in ch.qos.logback.classic.jul.LevelChangePropagator@7ce7e83c - Propagating WARN level on Logger[org.apache.tomcat.util.net.NioSelectorPool] onto the JUL framework
07:59:13,652 |-INFO in ch.qos.logback.classic.model.processor.LoggerModelHandler - Setting level of logger [org.eclipse.jetty.util.component.AbstractLifeCycle] to ERROR
07:59:13,652 |-INFO in ch.qos.logback.classic.jul.LevelChangePropagator@7ce7e83c - Propagating ERROR level on Logger[org.eclipse.jetty.util.component.AbstractLifeCycle] onto the JUL framework
07:59:13,652 |-INFO in ch.qos.logback.classic.model.processor.LoggerModelHandler - Setting level of logger [org.hibernate.validator.internal.util.Version] to WARN
07:59:13,652 |-INFO in ch.qos.logback.classic.jul.LevelChangePropagator@7ce7e83c - Propagating WARN level on Logger[org.hibernate.validator.internal.util.Version] onto the JUL framework
07:59:13,652 |-INFO in ch.qos.logback.classic.model.processor.LoggerModelHandler - Setting level of logger [org.springframework.boot.actuate.endpoint.jmx] to WARN
07:59:13,652 |-INFO in ch.qos.logback.classic.jul.LevelChangePropagator@7ce7e83c - Propagating WARN level on Logger[org.springframework.boot.actuate.endpoint.jmx] onto the JUL framework
07:59:13,652 |-INFO in ch.qos.logback.core.model.processor.AppenderModelHandler - Processing appender named [CONSOLE]
07:59:13,652 |-INFO in ch.qos.logback.core.model.processor.AppenderModelHandler - About to instantiate appender of type [ch.qos.logback.core.ConsoleAppender]
07:59:13,654 |-INFO in ch.qos.logback.core.model.processor.ModelInterpretationContext@6df3e44c - value "TRACE" substituted for "${CONSOLE_LOG_THRESHOLD}"
07:59:13,655 |-INFO in ch.qos.logback.core.model.processor.ImplicitModelHandler - Assuming default type [ch.qos.logback.classic.encoder.PatternLayoutEncoder] for [encoder] property
07:59:13,655 |-INFO in ch.qos.logback.core.model.processor.ModelInterpretationContext@6df3e44c - value "%clr(%d{yyyy-MM-dd'T'HH:mm:ss.SSSXXX}){faint} %clr(%5p){} %clr(3769){magenta} %clr(--- %esb(){APPLICATION_NAME}%esb{APPLICATION_GROUP}[%15.15t] ){faint}%clr(%-40.40logger{39}){cyan} %clr(:){faint} %m%n%wEx" substituted for "${CONSOLE_LOG_PATTERN}"
07:59:13,655 |-INFO in ch.qos.logback.core.model.processor.ModelInterpretationContext@6df3e44c - value "UTF-8" substituted for "${CONSOLE_LOG_CHARSET}"
07:59:13,665 |-INFO in ch.qos.logback.core.model.processor.AppenderModelHandler - Processing appender named [FILE]
07:59:13,665 |-INFO in ch.qos.logback.core.model.processor.AppenderModelHandler - About to instantiate appender of type [ch.qos.logback.core.rolling.RollingFileAppender]
07:59:13,666 |-INFO in ch.qos.logback.core.model.processor.ModelInterpretationContext@6df3e44c - value "TRACE" substituted for "${FILE_LOG_THRESHOLD}"
07:59:13,667 |-INFO in ch.qos.logback.core.model.processor.ImplicitModelHandler - Assuming default type [ch.qos.logback.classic.encoder.PatternLayoutEncoder] for [encoder] property
07:59:13,667 |-INFO in ch.qos.logback.core.model.processor.ModelInterpretationContext@6df3e44c - value "%d{yyyy-MM-dd'T'HH:mm:ss.SSSXXX} %5p 3769 --- %esb(){APPLICATION_NAME}%esb{APPLICATION_GROUP}[%t] %-40.40logger{39} : %m%n%wEx" substituted for "${FILE_LOG_PATTERN}"
07:59:13,667 |-INFO in ch.qos.logback.core.model.processor.ModelInterpretationContext@6df3e44c - value "UTF-8" substituted for "${FILE_LOG_CHARSET}"
07:59:13,667 |-INFO in ch.qos.logback.core.model.processor.ModelInterpretationContext@6df3e44c - value "/tmp/spring.log" substituted for "${LOG_FILE}"
07:59:13,669 |-INFO in ch.qos.logback.core.model.processor.ModelInterpretationContext@6df3e44c - value "/tmp/spring.log.%d{yyyy-MM-dd}.%i.gz" substituted for "${LOGBACK_ROLLINGPOLICY_FILE_NAME_PATTERN:-${LOG_FILE}.%d{yyyy-MM-dd}.%i.gz}"
07:59:13,669 |-INFO in ch.qos.logback.core.model.processor.ModelInterpretationContext@6df3e44c - value "false" substituted for "${LOGBACK_ROLLINGPOLICY_CLEAN_HISTORY_ON_START:-false}"
07:59:13,669 |-INFO in ch.qos.logback.core.model.processor.ModelInterpretationContext@6df3e44c - value "10MB" substituted for "${LOGBACK_ROLLINGPOLICY_MAX_FILE_SIZE:-10MB}"
07:59:13,669 |-INFO in ch.qos.logback.core.model.processor.ModelInterpretationContext@6df3e44c - value "0" substituted for "${LOGBACK_ROLLINGPOLICY_TOTAL_SIZE_CAP:-0}"
07:59:13,670 |-INFO in c.q.l.core.rolling.SizeAndTimeBasedRollingPolicy@1241897134 - setting totalSizeCap to 0 Bytes
07:59:13,671 |-INFO in ch.qos.logback.core.model.processor.ModelInterpretationContext@6df3e44c - value "7" substituted for "${LOGBACK_ROLLINGPOLICY_MAX_HISTORY:-7}"
07:59:13,672 |-INFO in c.q.l.core.rolling.SizeAndTimeBasedRollingPolicy@1241897134 - Archive files will be limited to [10 MB] each.
07:59:13,673 |-INFO in c.q.l.core.rolling.SizeAndTimeBasedRollingPolicy@1241897134 - Will use gz compression
07:59:13,673 |-INFO in c.q.l.core.rolling.SizeAndTimeBasedRollingPolicy@1241897134 - Will use the pattern /tmp/spring.log.%d{yyyy-MM-dd}.%i for the active file
07:59:13,696 |-INFO in ch.qos.logback.core.rolling.SizeAndTimeBasedFileNamingAndTriggeringPolicy@3c904f1e - The date pattern is 'yyyy-MM-dd' from file name pattern '/tmp/spring.log.%d{yyyy-MM-dd}.%i.gz'.
07:59:13,696 |-INFO in ch.qos.logback.core.rolling.SizeAndTimeBasedFileNamingAndTriggeringPolicy@3c904f1e - Roll-over at midnight.
07:59:13,702 |-INFO in ch.qos.logback.core.rolling.SizeAndTimeBasedFileNamingAndTriggeringPolicy@3c904f1e - Setting initial period to 2025-12-18T07:59:13.702Z
07:59:13,705 |-INFO in ch.qos.logback.core.rolling.RollingFileAppender[FILE] - Active log file name: /tmp/spring.log
07:59:13,705 |-INFO in ch.qos.logback.core.rolling.RollingFileAppender[FILE] - File property is set to [/tmp/spring.log]
07:59:13,705 |-INFO in ch.qos.logback.classic.model.processor.RootLoggerModelHandler - Setting level of ROOT logger to INFO
07:59:13,705 |-INFO in ch.qos.logback.classic.jul.LevelChangePropagator@7ce7e83c - Propagating INFO level on Logger[ROOT] onto the JUL framework
07:59:13,706 |-INFO in ch.qos.logback.core.model.processor.AppenderRefModelHandler - Attaching appender named [CONSOLE] to Logger[ROOT]
07:59:13,706 |-INFO in ch.qos.logback.core.model.processor.AppenderRefModelHandler - Attaching appender named [FILE] to Logger[ROOT]
07:59:13,706 |-INFO in ch.qos.logback.core.model.processor.DefaultProcessor@4eb30d44 - End of configuration.
07:59:13,706 |-INFO in org.springframework.boot.logging.logback.SpringBootJoranConfigurator@d56aaa6 - Registering current configuration as safe fallback point

07:59:14,586 |-INFO in ch.qos.logback.core.joran.util.ConfigurationWatchListUtil@ba354ca - Adding [jar:file:/home/runner/.m2/repository/org/springframework/boot/spring-boot/3.4.1/spring-boot-3.4.1.jar!/org/springframework/boot/logging/logback/base.xml] to configuration watch list.
07:59:14,586 |-INFO in ConfigurationWatchList(mainURL=file:/home/runner/work/spring-petclinic-microservices-custom-service/spring-petclinic-microservices-custom-service/target/classes/logback-spring.xml, fileWatchList={/home/runner/work/spring-petclinic-microservices-custom-service/spring-petclinic-microservices-custom-service/target/classes/logback-spring.xml}, urlWatchList=[}) - Cannot watch [jar:file:/home/runner/.m2/repository/org/springframework/boot/spring-boot/3.4.1/spring-boot-3.4.1.jar!/org/springframework/boot/logging/logback/base.xml] as its protocol is not one of file, http or https.
07:59:14,589 |-INFO in ch.qos.logback.core.joran.util.ConfigurationWatchListUtil@ba354ca - Adding [jar:file:/home/runner/.m2/repository/org/springframework/boot/spring-boot/3.4.1/spring-boot-3.4.1.jar!/org/springframework/boot/logging/logback/defaults.xml] to configuration watch list.
07:59:14,589 |-INFO in ConfigurationWatchList(mainURL=file:/home/runner/work/spring-petclinic-microservices-custom-service/spring-petclinic-microservices-custom-service/target/classes/logback-spring.xml, fileWatchList={/home/runner/work/spring-petclinic-microservices-custom-service/spring-petclinic-microservices-custom-service/target/classes/logback-spring.xml}, urlWatchList=[}) - Cannot watch [jar:file:/home/runner/.m2/repository/org/springframework/boot/spring-boot/3.4.1/spring-boot-3.4.1.jar!/org/springframework/boot/logging/logback/defaults.xml] as its protocol is not one of file, http or https.
07:59:14,593 |-INFO in ch.qos.logback.core.model.processor.ConversionRuleModelHandler - registering conversion word applicationName with class [org.springframework.boot.logging.logback.ApplicationNameConverter]
07:59:14,593 |-INFO in ch.qos.logback.core.model.processor.ConversionRuleModelHandler - registering conversion word clr with class [org.springframework.boot.logging.logback.ColorConverter]
07:59:14,593 |-INFO in ch.qos.logback.core.model.processor.ConversionRuleModelHandler - registering conversion word correlationId with class [org.springframework.boot.logging.logback.CorrelationIdConverter]
07:59:14,593 |-INFO in ch.qos.logback.core.model.processor.ConversionRuleModelHandler - registering conversion word esb with class [org.springframework.boot.logging.logback.EnclosedInSquareBracketsConverter]
07:59:14,593 |-INFO in ch.qos.logback.core.model.processor.ConversionRuleModelHandler - registering conversion word wex with class [org.springframework.boot.logging.logback.WhitespaceThrowableProxyConverter]
07:59:14,593 |-INFO in ch.qos.logback.core.model.processor.ConversionRuleModelHandler - registering conversion word wEx with class [org.springframework.boot.logging.logback.ExtendedWhitespaceThrowableProxyConverter]
07:59:14,593 |-INFO in ch.qos.logback.core.model.processor.ModelInterpretationContext@655f69da - value "%clr(%d{yyyy-MM-dd'T'HH:mm:ss.SSSXXX}){faint} %clr(%5p){} %clr(3769){magenta} %clr(--- %esb(){APPLICATION_NAME}%esb{APPLICATION_GROUP}[%15.15t] ){faint}%clr(%-40.40logger{39}){cyan} %clr(:){faint} %m%n%wEx" substituted for "${CONSOLE_LOG_PATTERN:-%clr(%d{${LOG_DATEFORMAT_PATTERN:-yyyy-MM-dd'T'HH:mm:ss.SSSXXX}}){faint} %clr(${LOG_LEVEL_PATTERN:-%5p}){} %clr(${PID:-}){magenta} %clr(--- %esb(){APPLICATION_NAME}%esb{APPLICATION_GROUP}[%15.15t] ${LOG_CORRELATION_PATTERN:-}){faint}%clr(%-40.40logger{39}){cyan} %clr(:){faint} %m%n${LOG_EXCEPTION_CONVERSION_WORD:-%wEx}}"
07:59:14,593 |-INFO in ch.qos.logback.core.model.processor.ModelInterpretationContext@655f69da - value "UTF-8" substituted for "${CONSOLE_LOG_CHARSET:-${file.encoding:-UTF-8}}"
07:59:14,593 |-INFO in ch.qos.logback.core.model.processor.ModelInterpretationContext@655f69da - value "TRACE" substituted for "${CONSOLE_LOG_THRESHOLD:-TRACE}"
07:59:14,593 |-INFO in ch.qos.logback.core.model.processor.ModelInterpretationContext@655f69da - value "" substituted for "${CONSOLE_LOG_STRUCTURED_FORMAT:-}"
07:59:14,594 |-INFO in ch.qos.logback.core.model.processor.ModelInterpretationContext@655f69da - value "%d{yyyy-MM-dd'T'HH:mm:ss.SSSXXX} %5p 3769 --- %esb(){APPLICATION_NAME}%esb{APPLICATION_GROUP}[%t] %-40.40logger{39} : %m%n%wEx" substituted for "${FILE_LOG_PATTERN:-%d{${LOG_DATEFORMAT_PATTERN:-yyyy-MM-dd'T'HH:mm:ss.SSSXXX}} ${LOG_LEVEL_PATTERN:-%5p} ${PID:-} --- %esb(){APPLICATION_NAME}%esb{APPLICATION_GROUP}[%t] ${LOG_CORRELATION_PATTERN:-}%-40.40logger{39} : %m%n${LOG_EXCEPTION_CONVERSION_WORD:-%wEx}}"
07:59:14,594 |-INFO in ch.qos.logback.core.model.processor.ModelInterpretationContext@655f69da - value "UTF-8" substituted for "${FILE_LOG_CHARSET:-${file.encoding:-UTF-8}}"
07:59:14,594 |-INFO in ch.qos.logback.core.model.processor.ModelInterpretationContext@655f69da - value "TRACE" substituted for "${FILE_LOG_THRESHOLD:-TRACE}"
07:59:14,594 |-INFO in ch.qos.logback.core.model.processor.ModelInterpretationContext@655f69da - value "" substituted for "${FILE_LOG_STRUCTURED_FORMAT:-}"
07:59:14,594 |-INFO in ch.qos.logback.core.model.processor.ModelInterpretationContext@655f69da - value "/tmp/spring.log" substituted for "${LOG_FILE:-${LOG_PATH:-${LOG_TEMP:-${java.io.tmpdir:-/tmp}}}/spring.log}"
07:59:14,594 |-INFO in ch.qos.logback.core.joran.util.ConfigurationWatchListUtil@ba354ca - Adding [jar:file:/home/runner/.m2/repository/org/springframework/boot/spring-boot/3.4.1/spring-boot-3.4.1.jar!/org/springframework/boot/logging/logback/console-appender.xml] to configuration watch list.
07:59:14,594 |-INFO in ConfigurationWatchList(mainURL=file:/home/runner/work/spring-petclinic-microservices-custom-service/spring-petclinic-microservices-custom-service/target/classes/logback-spring.xml, fileWatchList={/home/runner/work/spring-petclinic-microservices-custom-service/spring-petclinic-microservices-custom-service/target/classes/logback-spring.xml}, urlWatchList=[}) - Cannot watch [jar:file:/home/runner/.m2/repository/org/springframework/boot/spring-boot/3.4.1/spring-boot-3.4.1.jar!/org/springframework/boot/logging/logback/console-appender.xml] as its protocol is not one of file, http or https.
07:59:14,596 |-INFO in ch.qos.logback.core.joran.util.ConfigurationWatchListUtil@ba354ca - Adding [jar:file:/home/runner/.m2/repository/org/springframework/boot/spring-boot/3.4.1/spring-boot-3.4.1.jar!/org/springframework/boot/logging/logback/file-appender.xml] to configuration watch list.
07:59:14,596 |-INFO in ConfigurationWatchList(mainURL=file:/home/runner/work/spring-petclinic-microservices-custom-service/spring-petclinic-microservices-custom-service/target/classes/logback-spring.xml, fileWatchList={/home/runner/work/spring-petclinic-microservices-custom-service/spring-petclinic-microservices-custom-service/target/classes/logback-spring.xml}, urlWatchList=[}) - Cannot watch [jar:file:/home/runner/.m2/repository/org/springframework/boot/spring-boot/3.4.1/spring-boot-3.4.1.jar!/org/springframework/boot/logging/logback/file-appender.xml] as its protocol is not one of file, http or https.
07:59:14,600 |-WARN in ch.qos.logback.core.model.processor.ImplicitModelHandler - Ignoring unknown property [jmxConfigurator] in [ch.qos.logback.classic.LoggerContext]
07:59:14,600 |-INFO in ch.qos.logback.classic.model.processor.LoggerModelHandler - Setting level of logger [org.apache.catalina.startup.DigesterFactory] to ERROR
07:59:14,600 |-INFO in ch.qos.logback.classic.jul.LevelChangePropagator@43b5021c - Propagating ERROR level on Logger[org.apache.catalina.startup.DigesterFactory] onto the JUL framework
07:59:14,600 |-INFO in ch.qos.logback.classic.model.processor.LoggerModelHandler - Setting level of logger [org.apache.catalina.util.LifecycleBase] to ERROR
07:59:14,600 |-INFO in ch.qos.logback.classic.jul.LevelChangePropagator@43b5021c - Propagating ERROR level on Logger[org.apache.catalina.util.LifecycleBase] onto the JUL framework
07:59:14,600 |-INFO in ch.qos.logback.classic.model.processor.LoggerModelHandler - Setting level of logger [org.apache.coyote.http11.Http11NioProtocol] to WARN
07:59:14,600 |-INFO in ch.qos.logback.classic.jul.LevelChangePropagator@43b5021c - Propagating WARN level on Logger[org.apache.coyote.http11.Http11NioProtocol] onto the JUL framework
07:59:14,600 |-INFO in ch.qos.logback.classic.model.processor.LoggerModelHandler - Setting level of logger [org.apache.sshd.common.util.SecurityUtils] to WARN
07:59:14,600 |-INFO in ch.qos.logback.classic.jul.LevelChangePropagator@43b5021c - Propagating WARN level on Logger[org.apache.sshd.common.util.SecurityUtils] onto the JUL framework
07:59:14,600 |-INFO in ch.qos.logback.classic.model.processor.LoggerModelHandler - Setting level of logger [org.apache.tomcat.util.net.NioSelectorPool] to WARN
07:59:14,600 |-INFO in ch.qos.logback.classic.jul.LevelChangePropagator@43b5021c - Propagating WARN level on Logger[org.apache.tomcat.util.net.NioSelectorPool] onto the JUL framework
07:59:14,600 |-INFO in ch.qos.logback.classic.model.processor.LoggerModelHandler - Setting level of logger [org.eclipse.jetty.util.component.AbstractLifeCycle] to ERROR
07:59:14,601 |-INFO in ch.qos.logback.classic.jul.LevelChangePropagator@43b5021c - Propagating ERROR level on Logger[org.eclipse.jetty.util.component.AbstractLifeCycle] onto the JUL framework
07:59:14,601 |-INFO in ch.qos.logback.classic.model.processor.LoggerModelHandler - Setting level of logger [org.hibernate.validator.internal.util.Version] to WARN
07:59:14,601 |-INFO in ch.qos.logback.classic.jul.LevelChangePropagator@43b5021c - Propagating WARN level on Logger[org.hibernate.validator.internal.util.Version] onto the JUL framework
07:59:14,601 |-INFO in ch.qos.logback.classic.model.processor.LoggerModelHandler - Setting level of logger [org.springframework.boot.actuate.endpoint.jmx] to WARN
07:59:14,601 |-INFO in ch.qos.logback.classic.jul.LevelChangePropagator@43b5021c - Propagating WARN level on Logger[org.springframework.boot.actuate.endpoint.jmx] onto the JUL framework
07:59:14,601 |-INFO in ch.qos.logback.core.model.processor.AppenderModelHandler - Processing appender named [CONSOLE]
07:59:14,601 |-INFO in ch.qos.logback.core.model.processor.AppenderModelHandler - About to instantiate appender of type [ch.qos.logback.core.ConsoleAppender]
07:59:14,601 |-INFO in ch.qos.logback.core.model.processor.ModelInterpretationContext@655f69da - value "TRACE" substituted for "${CONSOLE_LOG_THRESHOLD}"
07:59:14,601 |-INFO in ch.qos.logback.core.model.processor.ImplicitModelHandler - Assuming default type [ch.qos.logback.classic.encoder.PatternLayoutEncoder] for [encoder] property
07:59:14,601 |-INFO in ch.qos.logback.core.model.processor.ModelInterpretationContext@655f69da - value "%clr(%d{yyyy-MM-dd'T'HH:mm:ss.SSSXXX}){faint} %clr(%5p){} %clr(3769){magenta} %clr(--- %esb(){APPLICATION_NAME}%esb{APPLICATION_GROUP}[%15.15t] ){faint}%clr(%-40.40logger{39}){cyan} %clr(:){faint} %m%n%wEx" substituted for "${CONSOLE_LOG_PATTERN}"
07:59:14,602 |-INFO in ch.qos.logback.core.model.processor.ModelInterpretationContext@655f69da - value "UTF-8" substituted for "${CONSOLE_LOG_CHARSET}"
07:59:14,602 |-INFO in ch.qos.logback.core.model.processor.AppenderModelHandler - Processing appender named [FILE]
07:59:14,602 |-INFO in ch.qos.logback.core.model.processor.AppenderModelHandler - About to instantiate appender of type [ch.qos.logback.core.rolling.RollingFileAppender]
07:59:14,602 |-INFO in ch.qos.logback.core.model.processor.ModelInterpretationContext@655f69da - value "TRACE" substituted for "${FILE_LOG_THRESHOLD}"
07:59:14,603 |-INFO in ch.qos.logback.core.model.processor.ImplicitModelHandler - Assuming default type [ch.qos.logback.classic.encoder.PatternLayoutEncoder] for [encoder] property
07:59:14,603 |-INFO in ch.qos.logback.core.model.processor.ModelInterpretationContext@655f69da - value "%d{yyyy-MM-dd'T'HH:mm:ss.SSSXXX} %5p 3769 --- %esb(){APPLICATION_NAME}%esb{APPLICATION_GROUP}[%t] %-40.40logger{39} : %m%n%wEx" substituted for "${FILE_LOG_PATTERN}"
07:59:14,603 |-INFO in ch.qos.logback.core.model.processor.ModelInterpretationContext@655f69da - value "UTF-8" substituted for "${FILE_LOG_CHARSET}"
07:59:14,603 |-INFO in ch.qos.logback.core.model.processor.ModelInterpretationContext@655f69da - value "/tmp/spring.log" substituted for "${LOG_FILE}"
07:59:14,603 |-INFO in ch.qos.logback.core.model.processor.ModelInterpretationContext@655f69da - value "/tmp/spring.log.%d{yyyy-MM-dd}.%i.gz" substituted for "${LOGBACK_ROLLINGPOLICY_FILE_NAME_PATTERN:-${LOG_FILE}.%d{yyyy-MM-dd}.%i.gz}"
07:59:14,603 |-INFO in ch.qos.logback.core.model.processor.ModelInterpretationContext@655f69da - value "false" substituted for "${LOGBACK_ROLLINGPOLICY_CLEAN_HISTORY_ON_START:-false}"
07:59:14,603 |-INFO in ch.qos.logback.core.model.processor.ModelInterpretationContext@655f69da - value "10MB" substituted for "${LOGBACK_ROLLINGPOLICY_MAX_FILE_SIZE:-10MB}"
07:59:14,604 |-INFO in ch.qos.logback.core.model.processor.ModelInterpretationContext@655f69da - value "0" substituted for "${LOGBACK_ROLLINGPOLICY_TOTAL_SIZE_CAP:-0}"
07:59:14,604 |-INFO in c.q.l.core.rolling.SizeAndTimeBasedRollingPolicy@674667952 - setting totalSizeCap to 0 Bytes
07:59:14,604 |-INFO in ch.qos.logback.core.model.processor.ModelInterpretationContext@655f69da - value "7" substituted for "${LOGBACK_ROLLINGPOLICY_MAX_HISTORY:-7}"
07:59:14,604 |-INFO in c.q.l.core.rolling.SizeAndTimeBasedRollingPolicy@674667952 - Archive files will be limited to [10 MB] each.
07:59:14,604 |-INFO in c.q.l.core.rolling.SizeAndTimeBasedRollingPolicy@674667952 - Will use gz compression
07:59:14,604 |-INFO in c.q.l.core.rolling.SizeAndTimeBasedRollingPolicy@674667952 - Will use the pattern /tmp/spring.log.%d{yyyy-MM-dd}.%i for the active file
07:59:14,605 |-INFO in ch.qos.logback.core.rolling.SizeAndTimeBasedFileNamingAndTriggeringPolicy@30893e08 - The date pattern is 'yyyy-MM-dd' from file name pattern '/tmp/spring.log.%d{yyyy-MM-dd}.%i.gz'.
07:59:14,605 |-INFO in ch.qos.logback.core.rolling.SizeAndTimeBasedFileNamingAndTriggeringPolicy@30893e08 - Roll-over at midnight.
07:59:14,605 |-INFO in ch.qos.logback.core.rolling.SizeAndTimeBasedFileNamingAndTriggeringPolicy@30893e08 - Setting initial period to 2025-12-18T07:59:13.704Z
07:59:14,606 |-INFO in ch.qos.logback.core.rolling.RollingFileAppender[FILE] - Active log file name: /tmp/spring.log
07:59:14,608 |-INFO in ch.qos.logback.core.rolling.RollingFileAppender[FILE] - Setting currentFileLength to 0 for /tmp/spring.log
07:59:14,608 |-INFO in ch.qos.logback.core.rolling.RollingFileAppender[FILE] - File property is set to [/tmp/spring.log]
07:59:14,608 |-INFO in ch.qos.logback.classic.model.processor.RootLoggerModelHandler - Setting level of ROOT logger to INFO
07:59:14,609 |-INFO in ch.qos.logback.classic.jul.LevelChangePropagator@43b5021c - Propagating INFO level on Logger[ROOT] onto the JUL framework
07:59:14,609 |-INFO in ch.qos.logback.core.model.processor.AppenderRefModelHandler - Attaching appender named [CONSOLE] to Logger[ROOT]
07:59:14,609 |-INFO in ch.qos.logback.core.model.processor.AppenderRefModelHandler - Attaching appender named [FILE] to Logger[ROOT]
07:59:14,609 |-INFO in ch.qos.logback.core.model.processor.DefaultProcessor@2e86807a - End of configuration.
07:59:14,609 |-INFO in org.springframework.boot.logging.logback.SpringBootJoranConfigurator@4548d254 - Registering current configuration as safe fallback point


  .   ____          _            __ _ _
 /\\ / ___'_ __ _ _(_)_ __  __ _ \ \ \ \
( ( )\___ | '_ | '_| | '_ \/ _` | \ \ \ \
 \\/  ___)| |_)| | | | | || (_| |  ) ) ) )
  '  |____| .__|_| |_|_| |_\__, | / / / /
 =========|_|==============|___/=/_/_/_/

 :: Spring Boot ::                (v3.4.1)

2025-12-18T07:59:14.632Z  INFO 3769 --- [customers-service] [           main] c.c.c.ConfigServicePropertySourceLocator : Fetching config from server at : http://localhost:8888
2025-12-18T07:59:14.640Z  INFO 3769 --- [customers-service] [           main] c.c.c.ConfigServicePropertySourceLocator : Exception on Url - http://localhost:8888:org.springframework.web.client.ResourceAccessException: I/O error on GET request for "http://localhost:8888/customers-service/test": Connection refused. Will be trying the next url if available
2025-12-18T07:59:14.640Z  WARN 3769 --- [customers-service] [           main] c.c.c.ConfigServicePropertySourceLocator : Could not locate PropertySource: I/O error on GET request for "http://localhost:8888/customers-service/test": Connection refused
2025-12-18T07:59:14.652Z  INFO 3769 --- [customers-service] [           main] o.s.s.p.customers.web.PetResourceTest    : The following 1 profile is active: "test"
2025-12-18T07:59:14.657Z  INFO 3769 --- [customers-service] [           main] o.s.c.c.c.ConfigServerConfigDataLoader   : Fetching config from server at : http://localhost:8888/
2025-12-18T07:59:14.658Z  INFO 3769 --- [customers-service] [           main] o.s.c.c.c.ConfigServerConfigDataLoader   : Exception on Url - http://localhost:8888/:org.springframework.web.client.ResourceAccessException: I/O error on GET request for "http://localhost:8888/customers-service/default": Connection refused. Will be trying the next url if available
2025-12-18T07:59:14.658Z  WARN 3769 --- [customers-service] [           main] o.s.c.c.c.ConfigServerConfigDataLoader   : Could not locate PropertySource ([ConfigServerConfigDataResource@3b1dc579 uris = array<String>['http://localhost:8888/'], optional = true, profiles = 'default']): I/O error on GET request for "http://localhost:8888/customers-service/default": Connection refused
2025-12-18T07:59:14.658Z  INFO 3769 --- [customers-service] [           main] o.s.c.c.c.ConfigServerConfigDataLoader   : Fetching config from server at : http://localhost:8888/
2025-12-18T07:59:14.658Z  INFO 3769 --- [customers-service] [           main] o.s.c.c.c.ConfigServerConfigDataLoader   : Exception on Url - http://localhost:8888/:org.springframework.web.client.ResourceAccessException: I/O error on GET request for "http://localhost:8888/customers-service/test": Connection refused. Will be trying the next url if available
2025-12-18T07:59:14.659Z  WARN 3769 --- [customers-service] [           main] o.s.c.c.c.ConfigServerConfigDataLoader   : Could not locate PropertySource ([ConfigServerConfigDataResource@25d0cb3a uris = array<String>['http://localhost:8888/'], optional = true, profiles = 'test']): I/O error on GET request for "http://localhost:8888/customers-service/test": Connection refused
2025-12-18T07:59:14.659Z  INFO 3769 --- [customers-service] [           main] o.s.c.c.c.ConfigServerConfigDataLoader   : Fetching config from server at : http://localhost:8888/
2025-12-18T07:59:14.659Z  INFO 3769 --- [customers-service] [           main] o.s.c.c.c.ConfigServerConfigDataLoader   : Exception on Url - http://localhost:8888/:org.springframework.web.client.ResourceAccessException: I/O error on GET request for "http://localhost:8888/customers-service/default": Connection refused. Will be trying the next url if available
2025-12-18T07:59:14.659Z  WARN 3769 --- [customers-service] [           main] o.s.c.c.c.ConfigServerConfigDataLoader   : Could not locate PropertySource ([ConfigServerConfigDataResource@345cbf40 uris = array<String>['http://localhost:8888/'], optional = true, profiles = 'default']): I/O error on GET request for "http://localhost:8888/customers-service/default": Connection refused
2025-12-18T07:59:16.814Z  INFO 3769 --- [customers-service] [           main] o.s.b.t.m.w.SpringBootMockServletContext : Initializing Spring TestDispatcherServlet ''
2025-12-18T07:59:16.815Z  INFO 3769 --- [customers-service] [           main] o.s.t.web.servlet.TestDispatcherServlet  : Initializing Servlet ''
2025-12-18T07:59:16.817Z  INFO 3769 --- [customers-service] [           main] o.s.t.web.servlet.TestDispatcherServlet  : Completed initialization in 2 ms
2025-12-18T07:59:16.842Z  INFO 3769 --- [customers-service] [           main] o.s.s.p.customers.web.PetResourceTest    : Started PetResourceTest in 3.848 seconds (process running for 5.155)
]]></system-out>
  </testcase>
</testsuite>